<?xml version="1.0" encoding="UTF-8"?>
<!-- Generated by org.testng.reporters.JUnitReportReporter -->
<testsuite skipped="0" hostname="DESKTOP-J3OD066" name="com.vani.TestProject.TestNGMavenExample" tests="1" failures="0" timestamp="08 Dec 2021 01:59:46 GMT" time="14.164" errors="0">
  <testcase name="LaunchURL" time="14.164" classname="com.vani.TestProject.TestNGMavenExample"/>
</testsuite> <!-- com.vani.TestProject.TestNGMavenExample -->
